<?xml version='1.0' encoding='UTF-8'?>
<testsuite hostname="NUCPlay51" name="com.cloudxlab.logparsing.LogParserSpec" tests="2" errors="0" failures="0" skipped="0" time="0.037" timestamp="2020-09-15T16:17:54">
                     <properties>
[...]
</properties>
                     <testcase classname="com.cloudxlab.logparsing.LogParserSpec" name="extractIP should Extract IP Address" time="0.035">
                                                 
                                               </testcase><testcase classname="com.cloudxlab.logparsing.LogParserSpec" name="containsIP should Check if IP exists in the log line" time="0.002">
                                                 
                                               </testcase>
                     <system-out><![CDATA[]]></system-out>
                     <system-err><![CDATA[]]></system-err>
                   </testsuite>